2020-05-30 21:59:54  Go to Page https://academy.eteration.com  
 
2020-05-31 01:10:18  Go to Page http://automationpractice.com  
 
2020-05-31 01:10:20  Go to Sign in Page
2020-05-31 01:18:33  Go to Page http://automationpractice.com  
 
2020-05-31 01:18:34  Go to Sign in Page
2020-05-31 01:37:35  Go to Page http://automationpractice.com  
 
2020-05-31 01:37:36  Go to Sign in Page
2020-05-31 01:43:54  Go to Page http://automationpractice.com  
 
2020-05-31 01:43:55  Go to Sign in Page
2020-05-31 01:49:47  Go to Page http://automationpractice.com  
 
2020-05-31 01:49:48  Go to Sign in Page
2020-05-31 02:17:59  Go to Page http://automationpractice.com  
 
2020-05-31 02:18:00  Go to Sign in Page
2020-05-31 02:24:00  Go to Page http://automationpractice.com  
 
2020-05-31 02:24:02  Go to Sign in Page
2020-05-31 02:30:10  Go to Page http://automationpractice.com  
 
2020-05-31 02:30:11  Go to Sign in Page
2020-05-31 02:35:08  Go to Page http://automationpractice.com  
 
2020-05-31 02:35:10  Go to Sign in Page
2020-05-31 02:49:35  Go to Page http://automationpractice.com  
 
2020-05-31 02:49:37  Go to Sign in Page
2020-05-31 02:55:49  Go to Page http://automationpractice.com  
 
2020-05-31 02:55:51  Go to Sign in Page
2020-05-31 02:56:06  FALSE
2020-05-31 02:58:27  Go to Page http://automationpractice.com  
 
2020-05-31 02:58:28  Go to Sign in Page
2020-05-31 02:58:50  FALSE
2020-05-31 02:59:04  FALSE
2020-05-31 03:00:01  Go to Page http://automationpractice.com  
 
2020-05-31 03:00:02  Go to Sign in Page
2020-05-31 03:00:25  FALSE
2020-05-31 03:04:35  Go to Page http://automationpractice.com  
 
2020-05-31 03:04:37  Go to Sign in Page
2020-05-31 03:05:35  OKAY
2020-05-31 15:52:33  Go to Page http://automationpractice.com  
 
2020-05-31 16:24:12  Go to Page http://automationpractice.com  
 
2020-05-31 19:30:45  Go to Page http://automationpractice.com  
 
2020-05-31 19:39:56  Go to Page http://automationpractice.com  
 
2020-05-31 19:47:36  Go to Page http://automationpractice.com  
 
2020-05-31 19:51:16  Go to Page http://automationpractice.com  
 
2020-05-31 20:00:00  Go to Page http://automationpractice.com  
 
2020-05-31 20:12:23  Go to Page http://automationpractice.com  
 
2020-05-31 21:10:52  Go to Page http://automationpractice.com  
 
2020-05-31 21:15:16  Go to Page http://automationpractice.com  
 
2020-05-31 21:17:08  Go to Page http://automationpractice.com  
 
2020-05-31 21:22:29  Go to Page http://automationpractice.com  
 
2020-05-31 21:23:30  $30.98
2020-05-31 21:27:55  Go to Page http://automationpractice.com  
 
2020-05-31 21:29:10  $32.22
2020-05-31 23:44:52  Go to Page http://automationpractice.com  
 
2020-05-31 23:46:26  Go to Page http://automationpractice.com  
 
2020-05-31 23:51:12  Go to Page http://automationpractice.com  
 
2020-06-01 00:01:50  Go to Page http://automationpractice.com  
 
2020-06-01 00:03:41  Go to Page http://automationpractice.com  
 
2020-06-01 00:04:23  Go to Page http://automationpractice.com  
 
2020-06-01 00:06:08  Go to Page http://automationpractice.com  
 
2020-06-01 00:07:20  Go to Page http://automationpractice.com  
 
2020-06-01 00:16:36  Go to Page http://automationpractice.com  
 
2020-06-01 00:16:38  Go to Sign in Page
2020-06-01 00:17:06  Account has been created
2020-06-01 00:17:06  OKAY
2020-06-01 00:18:51  Go to Page http://automationpractice.com  
 
2020-06-01 00:18:53  Go to Sign in Page
2020-06-01 00:19:21  Account has been created
2020-06-01 00:19:21  OKAY
2020-06-01 00:29:15  Go to Page http://automationpractice.com  
 
2020-06-01 00:29:17  Go to Sign in Page
2020-06-01 00:29:45  Account has been created
2020-06-01 00:29:45  OKAY
2020-06-01 00:30:02  Total price = '$32.22'
2020-06-01 00:30:03  Summary process has been completed
2020-06-01 00:30:07  Address info is choosed
2020-06-01 00:30:11  Address process has been completed
2020-06-01 00:30:11  Terms of Service checkbox has been clicked
2020-06-01 00:30:17  Shipping process has been completed
2020-06-01 00:30:25  Payment method has been choosen as bank wire
2020-06-01 00:34:51  Go to Page http://automationpractice.com  
 
2020-06-01 00:34:52  Go to Sign in Page
2020-06-01 00:35:20  Account has been created
2020-06-01 00:35:20  OKAY
2020-06-01 00:35:36  Total price = '$32.22'
2020-06-01 00:35:37  Summary process has been completed
2020-06-01 00:35:40  Address info is choosed
2020-06-01 00:35:44  Address process has been completed
2020-06-01 00:35:44  Terms of Service checkbox has been clicked
2020-06-01 00:35:50  Shipping process has been completed
2020-06-01 00:35:56  Payment method has been choosen as bank wire
2020-06-01 00:39:36  Go to Page http://automationpractice.com  
 
2020-06-01 00:39:38  Go to Sign in Page
2020-06-01 00:40:06  Account has been created
2020-06-01 00:40:06  OKAY
2020-06-01 00:40:23  Total price = '$32.22'
2020-06-01 00:40:25  Summary process has been completed
2020-06-01 00:40:28  Address info is choosed
2020-06-01 00:40:32  Address process has been completed
2020-06-01 00:40:32  Terms of Service checkbox has been clicked
2020-06-01 00:40:38  Shipping process has been completed
2020-06-01 00:40:44  Payment method has been choosen as bank wire
2020-06-01 00:42:27  Go to Page http://automationpractice.com  
 
2020-06-01 00:42:54  Total price = '$30.98'
2020-06-01 00:42:56  Summary process has been completed
2020-06-01 00:43:30  Go to Page http://automationpractice.com  
 
2020-06-01 00:45:11  Total price = '$32.22'
2020-06-01 00:45:12  Summary process has been completed
2020-06-01 00:45:16  Address info is choosed
2020-06-01 00:45:20  Address process has been completed
2020-06-01 00:45:20  Terms of Service checkbox has been clicked
2020-06-01 00:45:26  Shipping process has been completed
2020-06-01 00:45:47  Payment method has been choosen as bank wire
2020-06-01 00:49:10  Go to Page http://automationpractice.com  
 
2020-06-01 00:49:12  Go to Sign in Page
2020-06-01 00:49:40  Account has been created
2020-06-01 00:49:40  OKAY
2020-06-01 00:49:56  Total price = '$32.22'
2020-06-01 00:49:58  Summary process has been completed
2020-06-01 00:50:01  Address info is choosed
2020-06-01 00:50:05  Address process has been completed
2020-06-01 00:50:05  Terms of Service checkbox has been clicked
2020-06-01 00:50:12  Shipping process has been completed
2020-06-01 00:50:15  Payment method has been choosen as bank wire
2020-06-01 00:51:26  Go to Page http://automationpractice.com  
 
2020-06-01 00:51:28  Go to Sign in Page
2020-06-01 00:51:55  Account has been created
2020-06-01 00:51:56  OKAY
2020-06-01 00:52:12  Total price = '$32.22'
2020-06-01 00:52:13  Summary process has been completed
2020-06-01 00:52:17  Address info is choosed
2020-06-01 00:52:21  Address process has been completed
2020-06-01 00:52:21  Terms of Service checkbox has been clicked
2020-06-01 00:52:27  Shipping process has been completed
2020-06-01 00:52:30  Payment method has been choosen as bank wire
2020-06-01 00:52:35  I confirmed my order
2020-06-01 00:54:16  Go to Page http://automationpractice.com  
 
2020-06-01 00:54:17  Go to Sign in Page
2020-06-01 00:54:45  Account has been created
2020-06-01 00:54:45  OKAY
2020-06-01 00:55:01  Total price = '$32.22'
2020-06-01 00:55:02  Summary process has been completed
2020-06-01 00:55:06  Address info is choosed
2020-06-01 00:55:10  Address process has been completed
2020-06-01 00:55:10  Terms of Service checkbox has been clicked
2020-06-01 00:55:16  Shipping process has been completed
2020-06-01 00:55:19  Payment method has been choosen as bank wire
2020-06-01 00:55:24  I confirmed my order
2020-06-01 00:55:25  Navigate to Order history and details
2020-06-01 01:15:44  Go to Page http://automationpractice.com  
 
2020-06-01 01:32:46  Go to Page http://automationpractice.com  
 
2020-06-01 01:33:48  Go to Page http://automationpractice.com  
 
2020-06-01 01:42:38  Go to Page http://automationpractice.com  
 
2020-06-01 01:42:42  Status is 200, succesfully 
2020-06-01 01:42:44  Go to Sign in Page
2020-06-01 23:40:40  Go to Page http://automationpractice.com  
 
2020-06-01 23:40:44  Status is 200, successful
2020-06-01 23:49:16  Go to Page http://automationpractice.com  
 
2020-06-01 23:49:20  Status is 200, successful
2020-06-01 23:51:04  Go to Page http://automationpractice.com  
 
2020-06-01 23:51:08  Status is 200, successful
2020-06-02 00:01:17  Go to Page http://automationpractice.com  
 
2020-06-02 00:01:22  Status is 200, successful
2020-06-02 00:01:24  Go to Sign in Page
2020-06-02 00:01:36  First Name has been entered
2020-06-02 00:01:39  Last Name has been entered
2020-06-02 00:01:41  Password has been entered
2020-06-02 00:01:43  Address has been entered
2020-06-02 00:01:45  City has been entered
2020-06-02 00:01:45  State has been selected
2020-06-02 00:01:48  Postal has been entered
2020-06-02 00:01:50  Phone number has been entered
2020-06-02 00:01:51  Clicked register button
2020-06-02 00:01:51  Account check is completed
2020-06-02 00:01:51  Account has been created succesfully
2020-06-02 00:02:08  Total price = '$32.22'
2020-06-02 00:02:09  Summary process has been completed
2020-06-02 00:02:12  Address info is choosed
2020-06-02 00:02:16  Address process has been completed
2020-06-02 00:02:16  Terms of Service checkbox has been clicked
2020-06-02 00:02:22  Shipping process has been completed
2020-06-02 00:02:25  Payment method has been choosen as bank wire
2020-06-02 00:02:29  I confirmed my order
2020-06-02 00:02:31  Navigate to Order history and details
2020-06-02 00:03:34  Go to Page http://automationpractice.com  
 
2020-06-02 00:03:40  Go to Sign in Page
